<?xml version="1.0" encoding="UTF-8"?>
<!-- Generated by org.testng.reporters.JUnitReportReporter -->
<testsuite skipped="0" hostname="N-5CG6440831" name="loginpage.IncorrectUsername" tests="1" failures="0" timestamp="2020-07-23T12:38:35 IST" time="7.139" errors="0">
  <testcase name="CorrectPassword" time="7.139" classname="loginpage.IncorrectUsername"/>
  <system-out/>
</testsuite> <!-- loginpage.IncorrectUsername -->
