<?xml version="1.0" encoding="UTF-8"?>
<!-- Generated by org.testng.reporters.JUnitReportReporter -->
<testsuite skipped="0" hostname="N-5CG6440831" name="loginpage.BothWrong" tests="1" failures="0" timestamp="2020-07-23T12:38:35 IST" time="6.971" errors="0">
  <testcase name="BothWrong2" time="6.971" classname="loginpage.BothWrong"/>
  <system-out/>
</testsuite> <!-- loginpage.BothWrong -->
