<?xml version="1.0" encoding="UTF-8"?>
<!-- Generated by org.testng.reporters.JUnitReportReporter -->
<testsuite skipped="0" hostname="N-5CG6440831" name="loginpage.CorrectUsername" tests="1" failures="0" timestamp="2020-07-23T12:38:35 IST" time="8.468" errors="0">
  <testcase name="CorrectUsernameWrongPw" time="8.468" classname="loginpage.CorrectUsername"/>
  <system-out/>
</testsuite> <!-- loginpage.CorrectUsername -->
