<?xml version="1.0" encoding="UTF-8"?>
<!-- Generated by org.testng.reporters.JUnitReportReporter -->
<testsuite skipped="0" hostname="N-5CG6440831" name="loginpage.BothCorrect" tests="1" failures="0" timestamp="2020-07-23T12:38:35 IST" time="10.453" errors="0">
  <testcase name="BothCorrect1" time="10.453" classname="loginpage.BothCorrect"/>
  <system-out/>
</testsuite> <!-- loginpage.BothCorrect -->
